Сборка начата 05.12.2020 3:11:24.
     1>Проект "C:\Users\gopst\OneDrive\Документы\универ\КУРСОВОЙ ЯП\ADS_2020\ADS_2020\ADS_2020.vcxproj" в узле 2 (целевые объекты Build).
     1>InitializeBuildStatus:
         Создание "Debug\ADS_2020.tlog\unsuccessfulbuild", так как было задано "AlwaysCreate".
       ClCompile:
         C:\Program Files (x86)\Microsoft Visual Studio\2019\Community\VC\Tools\MSVC\14.22.27905\bin\HostX86\x86\CL.exe /c /ZI /JMC /nologo /W3 /WX- /diagnostics:column /Od /Oy- /D WIN32 /D _DEBUG /D _CONSOLE /D _UNICODE /D UNICODE /Gm- /EHsc /RTC1 /MDd /GS /fp:precise /Zc:wchar_t /Zc:forScope /Zc:inline /Yc"stdafx.h" /Fp"Debug\ADS_2020.pch" /Fo"Debug\\" /Fd"Debug\vc142.pdb" /Gd /TP /analyze- /FC /errorReport:prompt stdafx.cpp
         stdafx.cpp
         C:\Program Files (x86)\Microsoft Visual Studio\2019\Community\VC\Tools\MSVC\14.22.27905\bin\HostX86\x86\CL.exe /c /ZI /JMC /nologo /W3 /WX- /diagnostics:column /Od /Oy- /D WIN32 /D _DEBUG /D _CONSOLE /D _UNICODE /D UNICODE /Gm- /EHsc /RTC1 /MDd /GS /fp:precise /Zc:wchar_t /Zc:forScope /Zc:inline /Yu"stdafx.h" /Fp"Debug\ADS_2020.pch" /Fo"Debug\\" /Fd"Debug\vc142.pdb" /Gd /TP /analyze- /FC /errorReport:prompt Error.cpp FST.cpp Generation.cpp GraibachRules.cpp In.cpp IT.cpp LexAnalize.cpp Log.cpp LT.cpp MFST.cpp Parm.cpp ADS_2020.cpp PN.cpp
         Error.cpp
         FST.cpp
         Generation.cpp
         GraibachRules.cpp
         In.cpp
         IT.cpp
         LexAnalize.cpp
         Log.cpp
         LT.cpp
         MFST.cpp
     1>C:\Users\gopst\OneDrive\Документы\универ\КУРСОВОЙ ЯП\ADS_2020\ADS_2020\FST.cpp(66,59): warning C4018:  <: несоответствие типов со знаком и без знака
         Parm.cpp
         ADS_2020.cpp
         PN.cpp
         Создание кода...
     1>C:\Users\gopst\OneDrive\Документы\универ\КУРСОВОЙ ЯП\ADS_2020\ADS_2020\MFST.cpp(219,68): warning C4267:  =: преобразование из "size_t" в "short"; возможна потеря данных
       Link:
         C:\Program Files (x86)\Microsoft Visual Studio\2019\Community\VC\Tools\MSVC\14.22.27905\bin\HostX86\x86\link.exe /ERRORREPORT:PROMPT /OUT:"C:\Users\gopst\OneDrive\Документы\универ\КУРСОВОЙ ЯП\ADS_2020\Debug\ADS_2020.exe" /INCREMENTAL /NOLOGO kernel32.lib user32.lib gdi32.lib winspool.lib comdlg32.lib advapi32.lib shell32.lib ole32.lib oleaut32.lib uuid.lib odbc32.lib odbccp32.lib /MANIFEST /MANIFESTUAC:"level='asInvoker' uiAccess='false'" /manifest:embed /DEBUG:FASTLINK /PDB:"C:\Users\gopst\OneDrive\Документы\универ\КУРСОВОЙ ЯП\ADS_2020\Debug\ADS_2020.pdb" /SUBSYSTEM:CONSOLE /TLBID:1 /DYNAMICBASE /NXCOMPAT /IMPLIB:"C:\Users\gopst\OneDrive\Документы\универ\КУРСОВОЙ ЯП\ADS_2020\Debug\ADS_2020.lib" /MACHINE:X86 Debug\Error.obj
         Debug\FST.obj
         Debug\Generation.obj
         Debug\GraibachRules.obj
         Debug\In.obj
         Debug\IT.obj
         Debug\LexAnalize.obj
         Debug\Log.obj
         Debug\LT.obj
         Debug\MFST.obj
         Debug\Parm.obj
         Debug\ADS_2020.obj
         Debug\PN.obj
         Debug\stdafx.obj
         ADS_2020.vcxproj -> C:\Users\gopst\OneDrive\Документы\универ\КУРСОВОЙ ЯП\ADS_2020\Debug\ADS_2020.exe
       FinalizeBuildStatus:
         Файл "Debug\ADS_2020.tlog\unsuccessfulbuild" удаляется.
         Обращение к "Debug\ADS_2020.tlog\ADS_2020.lastbuildstate".
     1>Сборка проекта "C:\Users\gopst\OneDrive\Документы\универ\КУРСОВОЙ ЯП\ADS_2020\ADS_2020\ADS_2020.vcxproj" завершена (целевые объекты Build).

Сборка успешно завершена.

       "C:\Users\gopst\OneDrive\Документы\универ\КУРСОВОЙ ЯП\ADS_2020\ADS_2020\ADS_2020.vcxproj" (целевой объект Build ) (1) ->
       (Целевой объект ClCompile) -> 
         C:\Users\gopst\OneDrive\Документы\универ\КУРСОВОЙ ЯП\ADS_2020\ADS_2020\FST.cpp(66,59): warning C4018:  <: несоответствие типов со знаком и без знака
         C:\Users\gopst\OneDrive\Документы\универ\КУРСОВОЙ ЯП\ADS_2020\ADS_2020\MFST.cpp(219,68): warning C4267:  =: преобразование из "size_t" в "short"; возможна потеря данных

    Предупреждений: 2
    Ошибок: 0

Прошло времени 00:00:03.17
